[ 2015-07-08T20:33:38+08:00 ] 10.4.8.108 /clear2/home/event/timeline?callback=onJSONP_Data
INFO: [ app_begin ] --START--
INFO: Run Behavior\ReadHtmlCacheBehavior [ RunTime:0.001000s ]
INFO: [ app_begin ] --END-- [ RunTime:0.002000s ]

[ 2015-07-08T20:34:42+08:00 ] 10.4.8.108 /clear2/home/event/timeline?callback=onJSONP_Data
INFO: [ app_begin ] --START--
INFO: Run Behavior\ReadHtmlCacheBehavior [ RunTime:0.001000s ]
INFO: [ app_begin ] --END-- [ RunTime:0.002000s ]

[ 2015-07-08T20:34:56+08:00 ] 10.4.8.108 /clear2/home/event/timeline?callback=onJSONP_Data
INFO: [ app_begin ] --START--
INFO: Run Behavior\ReadHtmlCacheBehavior [ RunTime:0.000000s ]
INFO: [ app_begin ] --END-- [ RunTime:0.002000s ]

[ 2015-07-08T20:35:10+08:00 ] 10.4.8.108 /clear2/home/event/timeline?callback=onJSONP_Data
INFO: [ app_begin ] --START--
INFO: Run Behavior\ReadHtmlCacheBehavior [ RunTime:0.000000s ]
INFO: [ app_begin ] --END-- [ RunTime:0.001000s ]

[ 2015-07-08T20:35:12+08:00 ] 10.4.8.108 /clear2/home/event/timeline?callback=onJSONP_Data
INFO: [ app_begin ] --START--
INFO: Run Behavior\ReadHtmlCacheBehavior [ RunTime:0.000000s ]
INFO: [ app_begin ] --END-- [ RunTime:0.001000s ]

[ 2015-07-08T20:35:27+08:00 ] 10.4.8.108 /clear2/home/event/timeline?callback=onJSONP_Data
INFO: [ app_begin ] --START--
INFO: Run Behavior\ReadHtmlCacheBehavior [ RunTime:0.001000s ]
INFO: [ app_begin ] --END-- [ RunTime:0.001000s ]

[ 2015-07-08T20:35:58+08:00 ] 10.4.8.108 /clear2/home/event/timeline?callback=onJSONP_Data
INFO: [ app_begin ] --START--
INFO: Run Behavior\ReadHtmlCacheBehavior [ RunTime:0.001000s ]
INFO: [ app_begin ] --END-- [ RunTime:0.002000s ]

[ 2015-07-08T20:36:00+08:00 ] 10.4.8.108 /clear2/home/event/timeline?callback=onJSONP_Data
INFO: [ app_begin ] --START--
INFO: Run Behavior\ReadHtmlCacheBehavior [ RunTime:0.001000s ]
INFO: [ app_begin ] --END-- [ RunTime:0.001000s ]

[ 2015-07-08T20:36:57+08:00 ] 10.4.8.108 /clear2/home/event/timeline?callback=onJSONP_Data
INFO: [ app_begin ] --START--
INFO: Run Behavior\ReadHtmlCacheBehavior [ RunTime:0.001001s ]
INFO: [ app_begin ] --END-- [ RunTime:0.002001s ]

[ 2015-07-08T20:37:12+08:00 ] 10.4.8.108 /clear2/home/event/timeline?callback=onJSONP_Data
INFO: [ app_begin ] --START--
INFO: Run Behavior\ReadHtmlCacheBehavior [ RunTime:0.000000s ]
INFO: [ app_begin ] --END-- [ RunTime:0.001000s ]

[ 2015-07-08T20:37:20+08:00 ] 10.4.8.108 /clear2/home/event/timeline?callback=onJSONP_Data
INFO: [ app_begin ] --START--
INFO: Run Behavior\ReadHtmlCacheBehavior [ RunTime:0.001000s ]
INFO: [ app_begin ] --END-- [ RunTime:0.001000s ]

[ 2015-07-08T20:37:25+08:00 ] 10.4.8.108 /clear2/home/event/timeline?callback=onJSONP_Data
INFO: [ app_begin ] --START--
INFO: Run Behavior\ReadHtmlCacheBehavior [ RunTime:0.001000s ]
INFO: [ app_begin ] --END-- [ RunTime:0.001000s ]

[ 2015-07-08T20:37:25+08:00 ] 10.4.8.108 /clear2/home/event/timeline?callback=onJSONP_Data
INFO: [ app_begin ] --START--
INFO: Run Behavior\ReadHtmlCacheBehavior [ RunTime:0.001000s ]
INFO: [ app_begin ] --END-- [ RunTime:0.002000s ]

[ 2015-07-08T20:37:29+08:00 ] 10.4.8.108 /clear2/home/event/timeline?callback=onJSONP_Data
INFO: [ app_begin ] --START--
INFO: Run Behavior\ReadHtmlCacheBehavior [ RunTime:0.000000s ]
INFO: [ app_begin ] --END-- [ RunTime:0.002000s ]

[ 2015-07-08T20:37:30+08:00 ] 10.4.8.108 /clear2/home/event/timeline?callback=onJSONP_Data
INFO: [ app_begin ] --START--
INFO: Run Behavior\ReadHtmlCacheBehavior [ RunTime:0.000000s ]
INFO: [ app_begin ] --END-- [ RunTime:0.001000s ]

[ 2015-07-08T20:42:44+08:00 ] 10.4.8.108 /clear2/home/event/timeline?callback=onJSONP_Data
INFO: [ app_begin ] --START--
INFO: Run Behavior\ReadHtmlCacheBehavior [ RunTime:0.002001s ]
INFO: [ app_begin ] --END-- [ RunTime:0.002001s ]

[ 2015-07-08T20:42:47+08:00 ] 10.4.8.108 /clear2/home/event/timeline?callback=onJSONP_Data
INFO: [ app_begin ] --START--
INFO: Run Behavior\ReadHtmlCacheBehavior [ RunTime:0.001000s ]
INFO: [ app_begin ] --END-- [ RunTime:0.001000s ]

[ 2015-07-08T20:46:42+08:00 ] 10.4.8.108 /clear2/home/event/timeline?callback=onJSONP_Data
INFO: [ app_begin ] --START--
INFO: Run Behavior\ReadHtmlCacheBehavior [ RunTime:0.001000s ]
INFO: [ app_begin ] --END-- [ RunTime:0.001000s ]
INFO: [ app_end ] --START--
INFO: Run Behavior\ShowPageTraceBehavior [ RunTime:0.001000s ]
INFO: [ app_end ] --END-- [ RunTime:0.001000s ]

[ 2015-07-08T20:53:43+08:00 ] 10.4.8.108 /clear2/home/event/timeline?callback=onJSONP_Data
INFO: [ app_begin ] --START--
INFO: Run Behavior\ReadHtmlCacheBehavior [ RunTime:0.001000s ]
INFO: [ app_begin ] --END-- [ RunTime:0.001000s ]
INFO: [ app_end ] --START--
INFO: Run Behavior\ShowPageTraceBehavior [ RunTime:0.001000s ]
INFO: [ app_end ] --END-- [ RunTime:0.001000s ]

